This file contains any messages produced by compilers while
running configure, to aid debugging if configure makes a mistake.

It was created by Infernal configure 1.1.1, which was
generated by GNU Autoconf 2.63.  Invocation command line was

  $ ./configure 

## --------- ##
## Platform. ##
## --------- ##

hostname = CDtecOne
uname -m = x86_64
uname -r = 3.11.0-12-generic
uname -s = Linux
uname -v = #19-Ubuntu SMP Wed Oct 9 16:20:46 UTC 2013

/usr/bin/uname -p = unknown
/bin/uname -X     = unknown

/bin/arch              = unknown
/usr/bin/arch -k       = unknown
/usr/convex/getsysinfo = unknown
/usr/bin/hostinfo      = unknown
/bin/machine           = unknown
/usr/bin/oslevel       = unknown
/bin/universe          = unknown

PATH: /home/cdtec/bin
PATH: /usr/lib/lightdm/lightdm
PATH: /usr/local/sbin
PATH: /usr/local/bin
PATH: /usr/sbin
PATH: /usr/bin
PATH: /sbin
PATH: /bin
PATH: /usr/games
PATH: /usr/local/games


## ----------- ##
## Core tests. ##
## ----------- ##

configure:1875: Configuring Infernal for your system.
configure:2062: checking build system type
configure:2080: result: x86_64-unknown-linux-gnu
configure:2102: checking host system type
configure:2117: result: x86_64-unknown-linux-gnu
configure:2150: Full Infernal source distribution - using full configuration
configure:2351: checking for gcc
configure:2367: found /usr/bin/gcc
configure:2378: result: gcc
configure:2610: checking for C compiler version
configure:2618: gcc --version >&5
gcc (Ubuntu 4.8.2-19ubuntu1) 4.8.2
Copyright (C) 2013 Free Software Foundation, Inc.
This is free software; see the source for copying conditions.  There is NO
warranty; not even for MERCHANTABILITY or FITNESS FOR A PARTICULAR PURPOSE.

configure:2622: $? = 0
configure:2629: gcc -v >&5
Using built-in specs.
COLLECT_GCC=gcc
COLLECT_LTO_WRAPPER=/usr/lib/gcc/x86_64-linux-gnu/4.8/lto-wrapper
Target: x86_64-linux-gnu
Configured with: ../src/configure -v --with-pkgversion='Ubuntu 4.8.2-19ubuntu1' --with-bugurl=file:///usr/share/doc/gcc-4.8/README.Bugs --enable-languages=c,c++,java,go,d,fortran,objc,obj-c++ --prefix=/usr --program-suffix=-4.8 --enable-shared --enable-linker-build-id --libexecdir=/usr/lib --without-included-gettext --enable-threads=posix --with-gxx-include-dir=/usr/include/c++/4.8 --libdir=/usr/lib --enable-nls --with-sysroot=/ --enable-clocale=gnu --enable-libstdcxx-debug --enable-libstdcxx-time=yes --enable-gnu-unique-object --disable-libmudflap --enable-plugin --with-system-zlib --disable-browser-plugin --enable-java-awt=gtk --enable-gtk-cairo --with-java-home=/usr/lib/jvm/java-1.5.0-gcj-4.8-amd64/jre --enable-java-home --with-jvm-root-dir=/usr/lib/jvm/java-1.5.0-gcj-4.8-amd64 --with-jvm-jar-dir=/usr/lib/jvm-exports/java-1.5.0-gcj-4.8-amd64 --with-arch-directory=amd64 --with-ecj-jar=/usr/share/java/eclipse-ecj.jar --enable-objc-gc --enable-multiarch --disable-werror --with-arch-32=i686 --with-abi=m64 --with-multilib-list=m32,m64,mx32 --with-tune=generic --enable-checking=release --build=x86_64-linux-gnu --host=x86_64-linux-gnu --target=x86_64-linux-gnu
Thread model: posix
gcc version 4.8.2 (Ubuntu 4.8.2-19ubuntu1) 
configure:2633: $? = 0
configure:2640: gcc -V >&5
gcc: error: unrecognized command line option '-V'
gcc: fatal error: no input files
compilation terminated.
configure:2644: $? = 4
configure:2667: checking for C compiler default output file name
configure:2689: gcc    conftest.c  >&5
configure:2693: $? = 0
configure:2731: result: a.out
configure:2750: checking whether the C compiler works
configure:2760: ./a.out
configure:2764: $? = 0
configure:2783: result: yes
configure:2790: checking whether we are cross compiling
configure:2792: result: no
configure:2795: checking for suffix of executables
configure:2802: gcc -o conftest    conftest.c  >&5
configure:2806: $? = 0
configure:2832: result: 
configure:2838: checking for suffix of object files
configure:2864: gcc -c   conftest.c >&5
configure:2868: $? = 0
configure:2893: result: o
configure:2897: checking whether we are using the GNU C compiler
configure:2926: gcc -c   conftest.c >&5
configure:2933: $? = 0
configure:2950: result: yes
configure:2959: checking whether gcc accepts -g
configure:2989: gcc -c -g  conftest.c >&5
configure:2996: $? = 0
configure:3097: result: yes
configure:3114: checking for gcc option to accept ISO C89
configure:3188: gcc  -c -g -O2  conftest.c >&5
configure:3195: $? = 0
configure:3218: result: none needed
configure:3238: checking for C compiler vendor
configure:3272: gcc -c -g -O2  conftest.c >&5
conftest.c: In function 'main':
conftest.c:30:7: error: 'thisisanerror' undeclared (first use in this function)
       thisisanerror;
       ^
conftest.c:30:7: note: each undeclared identifier is reported only once for each function it appears in
configure:3279: $? = 1
configure: failed program was:
| /* confdefs.h.  */
| #define PACKAGE_NAME "Infernal"
| #define PACKAGE_TARNAME "infernal"
| #define PACKAGE_VERSION "1.1.1"
| #define PACKAGE_STRING "Infernal 1.1.1"
| #define PACKAGE_BUGREPORT "nawrockie@janelia.hhmi.org"
| #define INFERNAL_DATE "July 2014"
| #define INFERNAL_COPYRIGHT "Copyright (C) 2014 Howard Hughes Medical Institute."
| #define INFERNAL_LICENSE "Freely distributed under the GNU General Public License (GPLv3)."
| #define INFERNAL_VERSION "1.1.1"
| #define INFERNAL_URL "http://infernal.janelia.org/"
| #define HMMER_DATE "July 2014"
| #define HMMER_COPYRIGHT "Copyright (C) 2014 Howard Hughes Medical Institute."
| #define HMMER_LICENSE "Freely distributed under the GNU General Public License (GPLv3)."
| #define HMMER_VERSION "i1.1.1"
| #define HMMER_URL "http://hmmer.org/"
| #define EASEL_DATE "July 2014"
| #define EASEL_COPYRIGHT "Copyright (C) 2014 HHMI Janelia Farm Research Campus"
| #define EASEL_LICENSE "Freely distributed under the Janelia Software License."
| #define EASEL_VERSION "i1.1.1"
| #define eslLIBRARY 1
| #define eslDEBUGLEVEL 0
| /* end confdefs.h.  */
| 
| int
| main ()
| {
| 
| #if !(defined(__ICC) || defined(__ECC) || defined(__INTEL_COMPILER))
|       thisisanerror;
| #endif
| 
|   ;
|   return 0;
| }
configure:3272: gcc -c -g -O2  conftest.c >&5
conftest.c: In function 'main':
conftest.c:30:7: error: 'thisisanerror' undeclared (first use in this function)
       thisisanerror;
       ^
conftest.c:30:7: note: each undeclared identifier is reported only once for each function it appears in
configure:3279: $? = 1
configure: failed program was:
| /* confdefs.h.  */
| #define PACKAGE_NAME "Infernal"
| #define PACKAGE_TARNAME "infernal"
| #define PACKAGE_VERSION "1.1.1"
| #define PACKAGE_STRING "Infernal 1.1.1"
| #define PACKAGE_BUGREPORT "nawrockie@janelia.hhmi.org"
| #define INFERNAL_DATE "July 2014"
| #define INFERNAL_COPYRIGHT "Copyright (C) 2014 Howard Hughes Medical Institute."
| #define INFERNAL_LICENSE "Freely distributed under the GNU General Public License (GPLv3)."
| #define INFERNAL_VERSION "1.1.1"
| #define INFERNAL_URL "http://infernal.janelia.org/"
| #define HMMER_DATE "July 2014"
| #define HMMER_COPYRIGHT "Copyright (C) 2014 Howard Hughes Medical Institute."
| #define HMMER_LICENSE "Freely distributed under the GNU General Public License (GPLv3)."
| #define HMMER_VERSION "i1.1.1"
| #define HMMER_URL "http://hmmer.org/"
| #define EASEL_DATE "July 2014"
| #define EASEL_COPYRIGHT "Copyright (C) 2014 HHMI Janelia Farm Research Campus"
| #define EASEL_LICENSE "Freely distributed under the Janelia Software License."
| #define EASEL_VERSION "i1.1.1"
| #define eslLIBRARY 1
| #define eslDEBUGLEVEL 0
| /* end confdefs.h.  */
| 
| int
| main ()
| {
| 
| #if !(defined(__xlc__) || defined(__xlC__) || defined(__IBMC__) || defined(__IBMCPP__))
|       thisisanerror;
| #endif
| 
|   ;
|   return 0;
| }
configure:3272: gcc -c -g -O2  conftest.c >&5
conftest.c: In function 'main':
conftest.c:30:7: error: 'thisisanerror' undeclared (first use in this function)
       thisisanerror;
       ^
conftest.c:30:7: note: each undeclared identifier is reported only once for each function it appears in
configure:3279: $? = 1
configure: failed program was:
| /* confdefs.h.  */
| #define PACKAGE_NAME "Infernal"
| #define PACKAGE_TARNAME "infernal"
| #define PACKAGE_VERSION "1.1.1"
| #define PACKAGE_STRING "Infernal 1.1.1"
| #define PACKAGE_BUGREPORT "nawrockie@janelia.hhmi.org"
| #define INFERNAL_DATE "July 2014"
| #define INFERNAL_COPYRIGHT "Copyright (C) 2014 Howard Hughes Medical Institute."
| #define INFERNAL_LICENSE "Freely distributed under the GNU General Public License (GPLv3)."
| #define INFERNAL_VERSION "1.1.1"
| #define INFERNAL_URL "http://infernal.janelia.org/"
| #define HMMER_DATE "July 2014"
| #define HMMER_COPYRIGHT "Copyright (C) 2014 Howard Hughes Medical Institute."
| #define HMMER_LICENSE "Freely distributed under the GNU General Public License (GPLv3)."
| #define HMMER_VERSION "i1.1.1"
| #define HMMER_URL "http://hmmer.org/"
| #define EASEL_DATE "July 2014"
| #define EASEL_COPYRIGHT "Copyright (C) 2014 HHMI Janelia Farm Research Campus"
| #define EASEL_LICENSE "Freely distributed under the Janelia Software License."
| #define EASEL_VERSION "i1.1.1"
| #define eslLIBRARY 1
| #define eslDEBUGLEVEL 0
| /* end confdefs.h.  */
| 
| int
| main ()
| {
| 
| #if !(defined(__PATHCC__) || defined(__PATHSCALE__))
|       thisisanerror;
| #endif
| 
|   ;
|   return 0;
| }
configure:3272: gcc -c -g -O2  conftest.c >&5
configure:3279: $? = 0
configure:3296: result: gnu
configure:3536: checking for the pthreads library -lpthreads
configure:3579: gcc -o conftest -g -O2    conftest.c -lpthreads  >&5
conftest.c: In function 'main':
conftest.c:29:22: warning: null argument where non-null required (argument 1) [-Wnonnull]
                      pthread_attr_init(0); pthread_cleanup_push(0, 0);
                      ^
conftest.c:30:22: warning: null argument where non-null required (argument 1) [-Wnonnull]
                      pthread_create(0,0,0,0); pthread_cleanup_pop(0);
                      ^
conftest.c:30:22: warning: null argument where non-null required (argument 3) [-Wnonnull]
/usr/bin/ld: cannot find -lpthreads
collect2: error: ld returned 1 exit status
configure:3586: $? = 1
configure: failed program was:
| /* confdefs.h.  */
| #define PACKAGE_NAME "Infernal"
| #define PACKAGE_TARNAME "infernal"
| #define PACKAGE_VERSION "1.1.1"
| #define PACKAGE_STRING "Infernal 1.1.1"
| #define PACKAGE_BUGREPORT "nawrockie@janelia.hhmi.org"
| #define INFERNAL_DATE "July 2014"
| #define INFERNAL_COPYRIGHT "Copyright (C) 2014 Howard Hughes Medical Institute."
| #define INFERNAL_LICENSE "Freely distributed under the GNU General Public License (GPLv3)."
| #define INFERNAL_VERSION "1.1.1"
| #define INFERNAL_URL "http://infernal.janelia.org/"
| #define HMMER_DATE "July 2014"
| #define HMMER_COPYRIGHT "Copyright (C) 2014 Howard Hughes Medical Institute."
| #define HMMER_LICENSE "Freely distributed under the GNU General Public License (GPLv3)."
| #define HMMER_VERSION "i1.1.1"
| #define HMMER_URL "http://hmmer.org/"
| #define EASEL_DATE "July 2014"
| #define EASEL_COPYRIGHT "Copyright (C) 2014 HHMI Janelia Farm Research Campus"
| #define EASEL_LICENSE "Freely distributed under the Janelia Software License."
| #define EASEL_VERSION "i1.1.1"
| #define eslLIBRARY 1
| #define eslDEBUGLEVEL 0
| /* end confdefs.h.  */
| #include <pthread.h>
| int
| main ()
| {
| pthread_t th; pthread_join(th, 0);
|                      pthread_attr_init(0); pthread_cleanup_push(0, 0);
|                      pthread_create(0,0,0,0); pthread_cleanup_pop(0);
|   ;
|   return 0;
| }
configure:3609: result: no
configure:3481: checking whether pthreads work without any flags
configure:3579: gcc -o conftest -g -O2    conftest.c   >&5
conftest.c: In function 'main':
conftest.c:29:22: warning: null argument where non-null required (argument 1) [-Wnonnull]
                      pthread_attr_init(0); pthread_cleanup_push(0, 0);
                      ^
conftest.c:30:22: warning: null argument where non-null required (argument 1) [-Wnonnull]
                      pthread_create(0,0,0,0); pthread_cleanup_pop(0);
                      ^
conftest.c:30:22: warning: null argument where non-null required (argument 3) [-Wnonnull]
/tmp/ccQH9CaD.o: In function `main':
/home/cdtec/Frederico/genix/genix_annotation/bin/infernal/conftest.c:28: undefined reference to `pthread_join'
/home/cdtec/Frederico/genix/genix_annotation/bin/infernal/conftest.c:29: undefined reference to `__pthread_register_cancel'
/home/cdtec/Frederico/genix/genix_annotation/bin/infernal/conftest.c:30: undefined reference to `pthread_create'
/home/cdtec/Frederico/genix/genix_annotation/bin/infernal/conftest.c:30: undefined reference to `__pthread_unregister_cancel'
collect2: error: ld returned 1 exit status
configure:3586: $? = 1
configure: failed program was:
| /* confdefs.h.  */
| #define PACKAGE_NAME "Infernal"
| #define PACKAGE_TARNAME "infernal"
| #define PACKAGE_VERSION "1.1.1"
| #define PACKAGE_STRING "Infernal 1.1.1"
| #define PACKAGE_BUGREPORT "nawrockie@janelia.hhmi.org"
| #define INFERNAL_DATE "July 2014"
| #define INFERNAL_COPYRIGHT "Copyright (C) 2014 Howard Hughes Medical Institute."
| #define INFERNAL_LICENSE "Freely distributed under the GNU General Public License (GPLv3)."
| #define INFERNAL_VERSION "1.1.1"
| #define INFERNAL_URL "http://infernal.janelia.org/"
| #define HMMER_DATE "July 2014"
| #define HMMER_COPYRIGHT "Copyright (C) 2014 Howard Hughes Medical Institute."
| #define HMMER_LICENSE "Freely distributed under the GNU General Public License (GPLv3)."
| #define HMMER_VERSION "i1.1.1"
| #define HMMER_URL "http://hmmer.org/"
| #define EASEL_DATE "July 2014"
| #define EASEL_COPYRIGHT "Copyright (C) 2014 HHMI Janelia Farm Research Campus"
| #define EASEL_LICENSE "Freely distributed under the Janelia Software License."
| #define EASEL_VERSION "i1.1.1"
| #define eslLIBRARY 1
| #define eslDEBUGLEVEL 0
| /* end confdefs.h.  */
| #include <pthread.h>
| int
| main ()
| {
| pthread_t th; pthread_join(th, 0);
|                      pthread_attr_init(0); pthread_cleanup_push(0, 0);
|                      pthread_create(0,0,0,0); pthread_cleanup_pop(0);
|   ;
|   return 0;
| }
configure:3609: result: no
configure:3486: checking whether pthreads work with -Kthread
configure:3579: gcc -o conftest -g -O2 -Kthread   conftest.c   >&5
gcc: error: unrecognized command line option '-Kthread'
configure:3586: $? = 1
configure: failed program was:
| /* confdefs.h.  */
| #define PACKAGE_NAME "Infernal"
| #define PACKAGE_TARNAME "infernal"
| #define PACKAGE_VERSION "1.1.1"
| #define PACKAGE_STRING "Infernal 1.1.1"
| #define PACKAGE_BUGREPORT "nawrockie@janelia.hhmi.org"
| #define INFERNAL_DATE "July 2014"
| #define INFERNAL_COPYRIGHT "Copyright (C) 2014 Howard Hughes Medical Institute."
| #define INFERNAL_LICENSE "Freely distributed under the GNU General Public License (GPLv3)."
| #define INFERNAL_VERSION "1.1.1"
| #define INFERNAL_URL "http://infernal.janelia.org/"
| #define HMMER_DATE "July 2014"
| #define HMMER_COPYRIGHT "Copyright (C) 2014 Howard Hughes Medical Institute."
| #define HMMER_LICENSE "Freely distributed under the GNU General Public License (GPLv3)."
| #define HMMER_VERSION "i1.1.1"
| #define HMMER_URL "http://hmmer.org/"
| #define EASEL_DATE "July 2014"
| #define EASEL_COPYRIGHT "Copyright (C) 2014 HHMI Janelia Farm Research Campus"
| #define EASEL_LICENSE "Freely distributed under the Janelia Software License."
| #define EASEL_VERSION "i1.1.1"
| #define eslLIBRARY 1
| #define eslDEBUGLEVEL 0
| /* end confdefs.h.  */
| #include <pthread.h>
| int
| main ()
| {
| pthread_t th; pthread_join(th, 0);
|                      pthread_attr_init(0); pthread_cleanup_push(0, 0);
|                      pthread_create(0,0,0,0); pthread_cleanup_pop(0);
|   ;
|   return 0;
| }
configure:3609: result: no
configure:3486: checking whether pthreads work with -kthread
configure:3579: gcc -o conftest -g -O2 -kthread   conftest.c   >&5
gcc: error: unrecognized command line option '-kthread'
configure:3586: $? = 1
configure: failed program was:
| /* confdefs.h.  */
| #define PACKAGE_NAME "Infernal"
| #define PACKAGE_TARNAME "infernal"
| #define PACKAGE_VERSION "1.1.1"
| #define PACKAGE_STRING "Infernal 1.1.1"
| #define PACKAGE_BUGREPORT "nawrockie@janelia.hhmi.org"
| #define INFERNAL_DATE "July 2014"
| #define INFERNAL_COPYRIGHT "Copyright (C) 2014 Howard Hughes Medical Institute."
| #define INFERNAL_LICENSE "Freely distributed under the GNU General Public License (GPLv3)."
| #define INFERNAL_VERSION "1.1.1"
| #define INFERNAL_URL "http://infernal.janelia.org/"
| #define HMMER_DATE "July 2014"
| #define HMMER_COPYRIGHT "Copyright (C) 2014 Howard Hughes Medical Institute."
| #define HMMER_LICENSE "Freely distributed under the GNU General Public License (GPLv3)."
| #define HMMER_VERSION "i1.1.1"
| #define HMMER_URL "http://hmmer.org/"
| #define EASEL_DATE "July 2014"
| #define EASEL_COPYRIGHT "Copyright (C) 2014 HHMI Janelia Farm Research Campus"
| #define EASEL_LICENSE "Freely distributed under the Janelia Software License."
| #define EASEL_VERSION "i1.1.1"
| #define eslLIBRARY 1
| #define eslDEBUGLEVEL 0
| /* end confdefs.h.  */
| #include <pthread.h>
| int
| main ()
| {
| pthread_t th; pthread_join(th, 0);
|                      pthread_attr_init(0); pthread_cleanup_push(0, 0);
|                      pthread_create(0,0,0,0); pthread_cleanup_pop(0);
|   ;
|   return 0;
| }
configure:3609: result: no
configure:3536: checking for the pthreads library -llthread
configure:3579: gcc -o conftest -g -O2    conftest.c -llthread  >&5
conftest.c: In function 'main':
conftest.c:29:22: warning: null argument where non-null required (argument 1) [-Wnonnull]
                      pthread_attr_init(0); pthread_cleanup_push(0, 0);
                      ^
conftest.c:30:22: warning: null argument where non-null required (argument 1) [-Wnonnull]
                      pthread_create(0,0,0,0); pthread_cleanup_pop(0);
                      ^
conftest.c:30:22: warning: null argument where non-null required (argument 3) [-Wnonnull]
/usr/bin/ld: cannot find -llthread
collect2: error: ld returned 1 exit status
configure:3586: $? = 1
configure: failed program was:
| /* confdefs.h.  */
| #define PACKAGE_NAME "Infernal"
| #define PACKAGE_TARNAME "infernal"
| #define PACKAGE_VERSION "1.1.1"
| #define PACKAGE_STRING "Infernal 1.1.1"
| #define PACKAGE_BUGREPORT "nawrockie@janelia.hhmi.org"
| #define INFERNAL_DATE "July 2014"
| #define INFERNAL_COPYRIGHT "Copyright (C) 2014 Howard Hughes Medical Institute."
| #define INFERNAL_LICENSE "Freely distributed under the GNU General Public License (GPLv3)."
| #define INFERNAL_VERSION "1.1.1"
| #define INFERNAL_URL "http://infernal.janelia.org/"
| #define HMMER_DATE "July 2014"
| #define HMMER_COPYRIGHT "Copyright (C) 2014 Howard Hughes Medical Institute."
| #define HMMER_LICENSE "Freely distributed under the GNU General Public License (GPLv3)."
| #define HMMER_VERSION "i1.1.1"
| #define HMMER_URL "http://hmmer.org/"
| #define EASEL_DATE "July 2014"
| #define EASEL_COPYRIGHT "Copyright (C) 2014 HHMI Janelia Farm Research Campus"
| #define EASEL_LICENSE "Freely distributed under the Janelia Software License."
| #define EASEL_VERSION "i1.1.1"
| #define eslLIBRARY 1
| #define eslDEBUGLEVEL 0
| /* end confdefs.h.  */
| #include <pthread.h>
| int
| main ()
| {
| pthread_t th; pthread_join(th, 0);
|                      pthread_attr_init(0); pthread_cleanup_push(0, 0);
|                      pthread_create(0,0,0,0); pthread_cleanup_pop(0);
|   ;
|   return 0;
| }
configure:3609: result: no
configure:3486: checking whether pthreads work with -pthread
configure:3579: gcc -o conftest -g -O2 -pthread   conftest.c   >&5
conftest.c: In function 'main':
conftest.c:29:22: warning: null argument where non-null required (argument 1) [-Wnonnull]
                      pthread_attr_init(0); pthread_cleanup_push(0, 0);
                      ^
conftest.c:30:22: warning: null argument where non-null required (argument 1) [-Wnonnull]
                      pthread_create(0,0,0,0); pthread_cleanup_pop(0);
                      ^
conftest.c:30:22: warning: null argument where non-null required (argument 3) [-Wnonnull]
configure:3586: $? = 0
configure:3609: result: yes
configure:3629: checking for joinable pthread attribute
configure:3652: gcc -o conftest -g -O2 -pthread   conftest.c   >&5
configure:3659: $? = 0
configure:3734: result: PTHREAD_CREATE_JOINABLE
configure:3741: checking if more special flags are required for pthreads
configure:3751: result: no
configure:3763: checking for cc_r
configure:3791: result: gcc
configure:3952: checking for gcc
configure:3979: result: gcc
configure:4211: checking for C compiler version
configure:4219: gcc --version >&5
gcc (Ubuntu 4.8.2-19ubuntu1) 4.8.2
Copyright (C) 2013 Free Software Foundation, Inc.
This is free software; see the source for copying conditions.  There is NO
warranty; not even for MERCHANTABILITY or FITNESS FOR A PARTICULAR PURPOSE.

configure:4223: $? = 0
configure:4230: gcc -v >&5
Using built-in specs.
COLLECT_GCC=gcc
COLLECT_LTO_WRAPPER=/usr/lib/gcc/x86_64-linux-gnu/4.8/lto-wrapper
Target: x86_64-linux-gnu
Configured with: ../src/configure -v --with-pkgversion='Ubuntu 4.8.2-19ubuntu1' --with-bugurl=file:///usr/share/doc/gcc-4.8/README.Bugs --enable-languages=c,c++,java,go,d,fortran,objc,obj-c++ --prefix=/usr --program-suffix=-4.8 --enable-shared --enable-linker-build-id --libexecdir=/usr/lib --without-included-gettext --enable-threads=posix --with-gxx-include-dir=/usr/include/c++/4.8 --libdir=/usr/lib --enable-nls --with-sysroot=/ --enable-clocale=gnu --enable-libstdcxx-debug --enable-libstdcxx-time=yes --enable-gnu-unique-object --disable-libmudflap --enable-plugin --with-system-zlib --disable-browser-plugin --enable-java-awt=gtk --enable-gtk-cairo --with-java-home=/usr/lib/jvm/java-1.5.0-gcj-4.8-amd64/jre --enable-java-home --with-jvm-root-dir=/usr/lib/jvm/java-1.5.0-gcj-4.8-amd64 --with-jvm-jar-dir=/usr/lib/jvm-exports/java-1.5.0-gcj-4.8-amd64 --with-arch-directory=amd64 --with-ecj-jar=/usr/share/java/eclipse-ecj.jar --enable-objc-gc --enable-multiarch --disable-werror --with-arch-32=i686 --with-abi=m64 --with-multilib-list=m32,m64,mx32 --with-tune=generic --enable-checking=release --build=x86_64-linux-gnu --host=x86_64-linux-gnu --target=x86_64-linux-gnu
Thread model: posix
gcc version 4.8.2 (Ubuntu 4.8.2-19ubuntu1) 
configure:4234: $? = 0
configure:4241: gcc -V >&5
gcc: error: unrecognized command line option '-V'
gcc: fatal error: no input files
compilation terminated.
configure:4245: $? = 4
configure:4248: checking whether we are using the GNU C compiler
configure:4301: result: yes
configure:4310: checking whether gcc accepts -g
configure:4448: result: yes
configure:4465: checking for gcc option to accept ISO C89
configure:4569: result: none needed
configure:4601: checking for a BSD-compatible install
configure:4669: result: /usr/bin/install -c
configure:5049: checking how to run the C preprocessor
configure:5089: gcc -E  conftest.c
configure:5096: $? = 0
configure:5127: gcc -E  conftest.c
conftest.c:26:28: fatal error: ac_nonexistent.h: No such file or directory
 #include <ac_nonexistent.h>
                            ^
compilation terminated.
configure:5134: $? = 1
configure: failed program was:
| /* confdefs.h.  */
| #define PACKAGE_NAME "Infernal"
| #define PACKAGE_TARNAME "infernal"
| #define PACKAGE_VERSION "1.1.1"
| #define PACKAGE_STRING "Infernal 1.1.1"
| #define PACKAGE_BUGREPORT "nawrockie@janelia.hhmi.org"
| #define INFERNAL_DATE "July 2014"
| #define INFERNAL_COPYRIGHT "Copyright (C) 2014 Howard Hughes Medical Institute."
| #define INFERNAL_LICENSE "Freely distributed under the GNU General Public License (GPLv3)."
| #define INFERNAL_VERSION "1.1.1"
| #define INFERNAL_URL "http://infernal.janelia.org/"
| #define HMMER_DATE "July 2014"
| #define HMMER_COPYRIGHT "Copyright (C) 2014 Howard Hughes Medical Institute."
| #define HMMER_LICENSE "Freely distributed under the GNU General Public License (GPLv3)."
| #define HMMER_VERSION "i1.1.1"
| #define HMMER_URL "http://hmmer.org/"
| #define EASEL_DATE "July 2014"
| #define EASEL_COPYRIGHT "Copyright (C) 2014 HHMI Janelia Farm Research Campus"
| #define EASEL_LICENSE "Freely distributed under the Janelia Software License."
| #define EASEL_VERSION "i1.1.1"
| #define eslLIBRARY 1
| #define eslDEBUGLEVEL 0
| #define HMMER_THREADS 1
| #define HAVE_PTHREAD 1
| /* end confdefs.h.  */
| #include <ac_nonexistent.h>
configure:5167: result: gcc -E
configure:5196: gcc -E  conftest.c
configure:5203: $? = 0
configure:5234: gcc -E  conftest.c
conftest.c:26:28: fatal error: ac_nonexistent.h: No such file or directory
 #include <ac_nonexistent.h>
                            ^
compilation terminated.
configure:5241: $? = 1
configure: failed program was:
| /* confdefs.h.  */
| #define PACKAGE_NAME "Infernal"
| #define PACKAGE_TARNAME "infernal"
| #define PACKAGE_VERSION "1.1.1"
| #define PACKAGE_STRING "Infernal 1.1.1"
| #define PACKAGE_BUGREPORT "nawrockie@janelia.hhmi.org"
| #define INFERNAL_DATE "July 2014"
| #define INFERNAL_COPYRIGHT "Copyright (C) 2014 Howard Hughes Medical Institute."
| #define INFERNAL_LICENSE "Freely distributed under the GNU General Public License (GPLv3)."
| #define INFERNAL_VERSION "1.1.1"
| #define INFERNAL_URL "http://infernal.janelia.org/"
| #define HMMER_DATE "July 2014"
| #define HMMER_COPYRIGHT "Copyright (C) 2014 Howard Hughes Medical Institute."
| #define HMMER_LICENSE "Freely distributed under the GNU General Public License (GPLv3)."
| #define HMMER_VERSION "i1.1.1"
| #define HMMER_URL "http://hmmer.org/"
| #define EASEL_DATE "July 2014"
| #define EASEL_COPYRIGHT "Copyright (C) 2014 HHMI Janelia Farm Research Campus"
| #define EASEL_LICENSE "Freely distributed under the Janelia Software License."
| #define EASEL_VERSION "i1.1.1"
| #define eslLIBRARY 1
| #define eslDEBUGLEVEL 0
| #define HMMER_THREADS 1
| #define HAVE_PTHREAD 1
| /* end confdefs.h.  */
| #include <ac_nonexistent.h>
configure:5281: checking for C compiler vendor
configure:5339: result: gnu
configure:5346: checking for gcc option to accept ISO C99
configure:5505: gcc  -c -g -O2  conftest.c >&5
conftest.c:76:29: error: expected ';', ',' or ')' before 'text'
 test_restrict (ccp restrict text)
                             ^
conftest.c: In function 'main':
conftest.c:130:18: error: expected '=', ',', ';', 'asm' or '__attribute__' before 'newvar'
   char *restrict newvar = "Another string";
                  ^
conftest.c:130:18: error: 'newvar' undeclared (first use in this function)
conftest.c:130:18: note: each undeclared identifier is reported only once for each function it appears in
conftest.c:140:3: error: 'for' loop initial declarations are only allowed in C99 mode
   for (int i = 0; i < ia->datasize; ++i)
   ^
conftest.c:140:3: note: use option -std=c99 or -std=gnu99 to compile your code
configure:5512: $? = 1
configure: failed program was:
| /* confdefs.h.  */
| #define PACKAGE_NAME "Infernal"
| #define PACKAGE_TARNAME "infernal"
| #define PACKAGE_VERSION "1.1.1"
| #define PACKAGE_STRING "Infernal 1.1.1"
| #define PACKAGE_BUGREPORT "nawrockie@janelia.hhmi.org"
| #define INFERNAL_DATE "July 2014"
| #define INFERNAL_COPYRIGHT "Copyright (C) 2014 Howard Hughes Medical Institute."
| #define INFERNAL_LICENSE "Freely distributed under the GNU General Public License (GPLv3)."
| #define INFERNAL_VERSION "1.1.1"
| #define INFERNAL_URL "http://infernal.janelia.org/"
| #define HMMER_DATE "July 2014"
| #define HMMER_COPYRIGHT "Copyright (C) 2014 Howard Hughes Medical Institute."
| #define HMMER_LICENSE "Freely distributed under the GNU General Public License (GPLv3)."
| #define HMMER_VERSION "i1.1.1"
| #define HMMER_URL "http://hmmer.org/"
| #define EASEL_DATE "July 2014"
| #define EASEL_COPYRIGHT "Copyright (C) 2014 HHMI Janelia Farm Research Campus"
| #define EASEL_LICENSE "Freely distributed under the Janelia Software License."
| #define EASEL_VERSION "i1.1.1"
| #define eslLIBRARY 1
| #define eslDEBUGLEVEL 0
| #define HMMER_THREADS 1
| #define HAVE_PTHREAD 1
| /* end confdefs.h.  */
| #include <stdarg.h>
| #include <stdbool.h>
| #include <stdlib.h>
| #include <wchar.h>
| #include <stdio.h>
| 
| // Check varargs macros.  These examples are taken from C99 6.10.3.5.
| #define debug(...) fprintf (stderr, __VA_ARGS__)
| #define showlist(...) puts (#__VA_ARGS__)
| #define report(test,...) ((test) ? puts (#test) : printf (__VA_ARGS__))
| static void
| test_varargs_macros (void)
| {
|   int x = 1234;
|   int y = 5678;
|   debug ("Flag");
|   debug ("X = %d\n", x);
|   showlist (The first, second, and third items.);
|   report (x>y, "x is %d but y is %d", x, y);
| }
| 
| // Check long long types.
| #define BIG64 18446744073709551615ull
| #define BIG32 4294967295ul
| #define BIG_OK (BIG64 / BIG32 == 4294967297ull && BIG64 % BIG32 == 0)
| #if !BIG_OK
|   your preprocessor is broken;
| #endif
| #if BIG_OK
| #else
|   your preprocessor is broken;
| #endif
| static long long int bignum = -9223372036854775807LL;
| static unsigned long long int ubignum = BIG64;
| 
| struct incomplete_array
| {
|   int datasize;
|   double data[];
| };
| 
| struct named_init {
|   int number;
|   const wchar_t *name;
|   double average;
| };
| 
| typedef const char *ccp;
| 
| static inline int
| test_restrict (ccp restrict text)
| {
|   // See if C++-style comments work.
|   // Iterate through items via the restricted pointer.
|   // Also check for declarations in for loops.
|   for (unsigned int i = 0; *(text+i) != '\0'; ++i)
|     continue;
|   return 0;
| }
| 
| // Check varargs and va_copy.
| static void
| test_varargs (const char *format, ...)
| {
|   va_list args;
|   va_start (args, format);
|   va_list args_copy;
|   va_copy (args_copy, args);
| 
|   const char *str;
|   int number;
|   float fnumber;
| 
|   while (*format)
|     {
|       switch (*format++)
| 	{
| 	case 's': // string
| 	  str = va_arg (args_copy, const char *);
| 	  break;
| 	case 'd': // int
| 	  number = va_arg (args_copy, int);
| 	  break;
| 	case 'f': // float
| 	  fnumber = va_arg (args_copy, double);
| 	  break;
| 	default:
| 	  break;
| 	}
|     }
|   va_end (args_copy);
|   va_end (args);
| }
| 
| int
| main ()
| {
| 
|   // Check bool.
|   _Bool success = false;
| 
|   // Check restrict.
|   if (test_restrict ("String literal") == 0)
|     success = true;
|   char *restrict newvar = "Another string";
| 
|   // Check varargs.
|   test_varargs ("s, d' f .", "string", 65, 34.234);
|   test_varargs_macros ();
| 
|   // Check flexible array members.
|   struct incomplete_array *ia =
|     malloc (sizeof (struct incomplete_array) + (sizeof (double) * 10));
|   ia->datasize = 10;
|   for (int i = 0; i < ia->datasize; ++i)
|     ia->data[i] = i * 1.234;
| 
|   // Check named initializers.
|   struct named_init ni = {
|     .number = 34,
|     .name = L"Test wide string",
|     .average = 543.34343,
|   };
| 
|   ni.number = 58;
| 
|   int dynamic_array[ni.number];
|   dynamic_array[ni.number - 1] = 543;
| 
|   // work around unused variable warnings
|   return (!success || bignum == 0LL || ubignum == 0uLL || newvar[0] == 'x'
| 	  || dynamic_array[ni.number - 1] != 543);
| 
|   ;
|   return 0;
| }
configure:5505: gcc -std=gnu99 -c -g -O2  conftest.c >&5
configure:5512: $? = 0
configure:5542: result: -std=gnu99
configure:5673: checking for gcc -std=gnu99 option to accept ISO Standard C
configure:5684: result: -std=gnu99
configure:5733: checking for ranlib
configure:5749: found /usr/bin/ranlib
configure:5760: result: ranlib
configure:5784: checking for ar
configure:5803: found /usr/bin/ar
configure:5816: result: /usr/bin/ar
configure:5825: checking whether ln -s works
configure:5829: result: yes
configure:5837: checking whether you have a GNU make
configure:5848: result: yes, you do; and we assume you will use it!
configure:6247: checking whether C compiler accepts -fstrict-aliasing
configure:6276: gcc -std=gnu99 -c -fstrict-aliasing  conftest.c >&5
configure:6283: $? = 0
configure:6301: result: yes
configure:6326: checking for gcc architecture flag
configure:6328: result: 
configure:6350: checking for x86 cpuid 0 output
configure:6389: gcc -std=gnu99 -o conftest -O3 -fomit-frame-pointer -fstrict-aliasing   conftest.c  >&5
configure:6393: $? = 0
configure:6399: ./conftest
configure:6403: $? = 0
configure:6420: result: a:756e6547:6c65746e:49656e69
configure:6436: checking for x86 cpuid 1 output
configure:6475: gcc -std=gnu99 -o conftest -O3 -fomit-frame-pointer -fstrict-aliasing   conftest.c  >&5
configure:6479: $? = 0
configure:6485: ./conftest
configure:6489: $? = 0
configure:6506: result: 10676:7040800:ce3bd:bfebfbff
configure:6751: checking whether C compiler accepts -march=pentium3
configure:6776: gcc -std=gnu99 -c -march=pentium3  conftest.c >&5
conftest.c:1:0: error: CPU you selected does not support x86-64 instruction set
 /* confdefs.h.  */
 ^
conftest.c:1:0: error: CPU you selected does not support x86-64 instruction set
configure:6783: $? = 1
configure: failed program was:
| /* confdefs.h.  */
| #define PACKAGE_NAME "Infernal"
| #define PACKAGE_TARNAME "infernal"
| #define PACKAGE_VERSION "1.1.1"
| #define PACKAGE_STRING "Infernal 1.1.1"
| #define PACKAGE_BUGREPORT "nawrockie@janelia.hhmi.org"
| #define INFERNAL_DATE "July 2014"
| #define INFERNAL_COPYRIGHT "Copyright (C) 2014 Howard Hughes Medical Institute."
| #define INFERNAL_LICENSE "Freely distributed under the GNU General Public License (GPLv3)."
| #define INFERNAL_VERSION "1.1.1"
| #define INFERNAL_URL "http://infernal.janelia.org/"
| #define HMMER_DATE "July 2014"
| #define HMMER_COPYRIGHT "Copyright (C) 2014 Howard Hughes Medical Institute."
| #define HMMER_LICENSE "Freely distributed under the GNU General Public License (GPLv3)."
| #define HMMER_VERSION "i1.1.1"
| #define HMMER_URL "http://hmmer.org/"
| #define EASEL_DATE "July 2014"
| #define EASEL_COPYRIGHT "Copyright (C) 2014 HHMI Janelia Farm Research Campus"
| #define EASEL_LICENSE "Freely distributed under the Janelia Software License."
| #define EASEL_VERSION "i1.1.1"
| #define eslLIBRARY 1
| #define eslDEBUGLEVEL 0
| #define HMMER_THREADS 1
| #define HAVE_PTHREAD 1
| /* end confdefs.h.  */
| 
| int
| main ()
| {
| 
|   ;
|   return 0;
| }
configure:6799: result: no
configure:6751: checking whether C compiler accepts -mcpu=pentium3
configure:6776: gcc -std=gnu99 -c -mcpu=pentium3  conftest.c >&5
gcc: warning: '-mcpu=' is deprecated; use '-mtune=' or '-march=' instead
conftest.c:1:0: error: CPU you selected does not support x86-64 instruction set
 /* confdefs.h.  */
 ^
configure:6783: $? = 1
configure: failed program was:
| /* confdefs.h.  */
| #define PACKAGE_NAME "Infernal"
| #define PACKAGE_TARNAME "infernal"
| #define PACKAGE_VERSION "1.1.1"
| #define PACKAGE_STRING "Infernal 1.1.1"
| #define PACKAGE_BUGREPORT "nawrockie@janelia.hhmi.org"
| #define INFERNAL_DATE "July 2014"
| #define INFERNAL_COPYRIGHT "Copyright (C) 2014 Howard Hughes Medical Institute."
| #define INFERNAL_LICENSE "Freely distributed under the GNU General Public License (GPLv3)."
| #define INFERNAL_VERSION "1.1.1"
| #define INFERNAL_URL "http://infernal.janelia.org/"
| #define HMMER_DATE "July 2014"
| #define HMMER_COPYRIGHT "Copyright (C) 2014 Howard Hughes Medical Institute."
| #define HMMER_LICENSE "Freely distributed under the GNU General Public License (GPLv3)."
| #define HMMER_VERSION "i1.1.1"
| #define HMMER_URL "http://hmmer.org/"
| #define EASEL_DATE "July 2014"
| #define EASEL_COPYRIGHT "Copyright (C) 2014 HHMI Janelia Farm Research Campus"
| #define EASEL_LICENSE "Freely distributed under the Janelia Software License."
| #define EASEL_VERSION "i1.1.1"
| #define eslLIBRARY 1
| #define eslDEBUGLEVEL 0
| #define HMMER_THREADS 1
| #define HAVE_PTHREAD 1
| /* end confdefs.h.  */
| 
| int
| main ()
| {
| 
|   ;
|   return 0;
| }
configure:6799: result: no
configure:6751: checking whether C compiler accepts -mpentium3
configure:6776: gcc -std=gnu99 -c -mpentium3  conftest.c >&5
gcc: error: unrecognized command line option '-mpentium3'
configure:6783: $? = 1
configure: failed program was:
| /* confdefs.h.  */
| #define PACKAGE_NAME "Infernal"
| #define PACKAGE_TARNAME "infernal"
| #define PACKAGE_VERSION "1.1.1"
| #define PACKAGE_STRING "Infernal 1.1.1"
| #define PACKAGE_BUGREPORT "nawrockie@janelia.hhmi.org"
| #define INFERNAL_DATE "July 2014"
| #define INFERNAL_COPYRIGHT "Copyright (C) 2014 Howard Hughes Medical Institute."
| #define INFERNAL_LICENSE "Freely distributed under the GNU General Public License (GPLv3)."
| #define INFERNAL_VERSION "1.1.1"
| #define INFERNAL_URL "http://infernal.janelia.org/"
| #define HMMER_DATE "July 2014"
| #define HMMER_COPYRIGHT "Copyright (C) 2014 Howard Hughes Medical Institute."
| #define HMMER_LICENSE "Freely distributed under the GNU General Public License (GPLv3)."
| #define HMMER_VERSION "i1.1.1"
| #define HMMER_URL "http://hmmer.org/"
| #define EASEL_DATE "July 2014"
| #define EASEL_COPYRIGHT "Copyright (C) 2014 HHMI Janelia Farm Research Campus"
| #define EASEL_LICENSE "Freely distributed under the Janelia Software License."
| #define EASEL_VERSION "i1.1.1"
| #define eslLIBRARY 1
| #define eslDEBUGLEVEL 0
| #define HMMER_THREADS 1
| #define HAVE_PTHREAD 1
| /* end confdefs.h.  */
| 
| int
| main ()
| {
| 
|   ;
|   return 0;
| }
configure:6799: result: no
configure:6751: checking whether C compiler accepts -march=pentiumpro
configure:6776: gcc -std=gnu99 -c -march=pentiumpro  conftest.c >&5
conftest.c:1:0: error: CPU you selected does not support x86-64 instruction set
 /* confdefs.h.  */
 ^
conftest.c:1:0: error: CPU you selected does not support x86-64 instruction set
configure:6783: $? = 1
configure: failed program was:
| /* confdefs.h.  */
| #define PACKAGE_NAME "Infernal"
| #define PACKAGE_TARNAME "infernal"
| #define PACKAGE_VERSION "1.1.1"
| #define PACKAGE_STRING "Infernal 1.1.1"
| #define PACKAGE_BUGREPORT "nawrockie@janelia.hhmi.org"
| #define INFERNAL_DATE "July 2014"
| #define INFERNAL_COPYRIGHT "Copyright (C) 2014 Howard Hughes Medical Institute."
| #define INFERNAL_LICENSE "Freely distributed under the GNU General Public License (GPLv3)."
| #define INFERNAL_VERSION "1.1.1"
| #define INFERNAL_URL "http://infernal.janelia.org/"
| #define HMMER_DATE "July 2014"
| #define HMMER_COPYRIGHT "Copyright (C) 2014 Howard Hughes Medical Institute."
| #define HMMER_LICENSE "Freely distributed under the GNU General Public License (GPLv3)."
| #define HMMER_VERSION "i1.1.1"
| #define HMMER_URL "http://hmmer.org/"
| #define EASEL_DATE "July 2014"
| #define EASEL_COPYRIGHT "Copyright (C) 2014 HHMI Janelia Farm Research Campus"
| #define EASEL_LICENSE "Freely distributed under the Janelia Software License."
| #define EASEL_VERSION "i1.1.1"
| #define eslLIBRARY 1
| #define eslDEBUGLEVEL 0
| #define HMMER_THREADS 1
| #define HAVE_PTHREAD 1
| /* end confdefs.h.  */
| 
| int
| main ()
| {
| 
|   ;
|   return 0;
| }
configure:6799: result: no
configure:6751: checking whether C compiler accepts -mcpu=pentiumpro
configure:6776: gcc -std=gnu99 -c -mcpu=pentiumpro  conftest.c >&5
gcc: warning: '-mcpu=' is deprecated; use '-mtune=' or '-march=' instead
conftest.c:1:0: error: CPU you selected does not support x86-64 instruction set
 /* confdefs.h.  */
 ^
configure:6783: $? = 1
configure: failed program was:
| /* confdefs.h.  */
| #define PACKAGE_NAME "Infernal"
| #define PACKAGE_TARNAME "infernal"
| #define PACKAGE_VERSION "1.1.1"
| #define PACKAGE_STRING "Infernal 1.1.1"
| #define PACKAGE_BUGREPORT "nawrockie@janelia.hhmi.org"
| #define INFERNAL_DATE "July 2014"
| #define INFERNAL_COPYRIGHT "Copyright (C) 2014 Howard Hughes Medical Institute."
| #define INFERNAL_LICENSE "Freely distributed under the GNU General Public License (GPLv3)."
| #define INFERNAL_VERSION "1.1.1"
| #define INFERNAL_URL "http://infernal.janelia.org/"
| #define HMMER_DATE "July 2014"
| #define HMMER_COPYRIGHT "Copyright (C) 2014 Howard Hughes Medical Institute."
| #define HMMER_LICENSE "Freely distributed under the GNU General Public License (GPLv3)."
| #define HMMER_VERSION "i1.1.1"
| #define HMMER_URL "http://hmmer.org/"
| #define EASEL_DATE "July 2014"
| #define EASEL_COPYRIGHT "Copyright (C) 2014 HHMI Janelia Farm Research Campus"
| #define EASEL_LICENSE "Freely distributed under the Janelia Software License."
| #define EASEL_VERSION "i1.1.1"
| #define eslLIBRARY 1
| #define eslDEBUGLEVEL 0
| #define HMMER_THREADS 1
| #define HAVE_PTHREAD 1
| /* end confdefs.h.  */
| 
| int
| main ()
| {
| 
|   ;
|   return 0;
| }
configure:6799: result: no
configure:6751: checking whether C compiler accepts -mpentiumpro
configure:6776: gcc -std=gnu99 -c -mpentiumpro  conftest.c >&5
gcc: error: unrecognized command line option '-mpentiumpro'
configure:6783: $? = 1
configure: failed program was:
| /* confdefs.h.  */
| #define PACKAGE_NAME "Infernal"
| #define PACKAGE_TARNAME "infernal"
| #define PACKAGE_VERSION "1.1.1"
| #define PACKAGE_STRING "Infernal 1.1.1"
| #define PACKAGE_BUGREPORT "nawrockie@janelia.hhmi.org"
| #define INFERNAL_DATE "July 2014"
| #define INFERNAL_COPYRIGHT "Copyright (C) 2014 Howard Hughes Medical Institute."
| #define INFERNAL_LICENSE "Freely distributed under the GNU General Public License (GPLv3)."
| #define INFERNAL_VERSION "1.1.1"
| #define INFERNAL_URL "http://infernal.janelia.org/"
| #define HMMER_DATE "July 2014"
| #define HMMER_COPYRIGHT "Copyright (C) 2014 Howard Hughes Medical Institute."
| #define HMMER_LICENSE "Freely distributed under the GNU General Public License (GPLv3)."
| #define HMMER_VERSION "i1.1.1"
| #define HMMER_URL "http://hmmer.org/"
| #define EASEL_DATE "July 2014"
| #define EASEL_COPYRIGHT "Copyright (C) 2014 HHMI Janelia Farm Research Campus"
| #define EASEL_LICENSE "Freely distributed under the Janelia Software License."
| #define EASEL_VERSION "i1.1.1"
| #define eslLIBRARY 1
| #define eslDEBUGLEVEL 0
| #define HMMER_THREADS 1
| #define HAVE_PTHREAD 1
| /* end confdefs.h.  */
| 
| int
| main ()
| {
| 
|   ;
|   return 0;
| }
configure:6799: result: no
configure:6816: checking for gcc architecture flag
configure:6818: result: unknown
configure:6840: checking whether C compiler accepts -O3 -fomit-frame-pointer -fstrict-aliasing
configure:6865: gcc -std=gnu99 -c -O3 -fomit-frame-pointer -fstrict-aliasing  conftest.c >&5
configure:6872: $? = 0
configure:6888: result: yes
configure:6933: checking for gcc -std=gnu99 option to produce PIC
configure:7019: result: -fPIC
configure:7028: checking whether C compiler accepts -msse2
configure:7057: gcc -std=gnu99 -c -msse2  conftest.c >&5
configure:7064: $? = 0
configure:7082: result: yes
configure:7090: checking whether C compiler accepts -msse2 -msse3
configure:7119: gcc -std=gnu99 -c -msse2 -msse3  conftest.c >&5
configure:7126: $? = 0
configure:7144: result: yes
configure:7614: checking compiler support for sse2 cast functions
configure:7649: gcc -std=gnu99 -c -O3 -fomit-frame-pointer -fstrict-aliasing -msse2 -msse3  conftest.c >&5
configure:7656: $? = 0
configure:7674: result: yes
configure:7686: checking whether SSE2 is supported
configure:7719: gcc -std=gnu99 -c -O3 -fomit-frame-pointer -fstrict-aliasing -msse2 -msse3  conftest.c >&5
configure:7726: $? = 0
configure:7731: result: yes
configure:7829: checking whether _MM_SET_FLUSH_ZERO_MODE is supported
configure:7855: gcc -std=gnu99 -c -O3 -fomit-frame-pointer -fstrict-aliasing -msse2 -msse3  conftest.c >&5
configure:7862: $? = 0
configure:7867: result: yes
configure:7888: Activating Intel/AMD SSE optimized DP implementation
configure:7934: checking compiler support --start-group
configure:7959: gcc -std=gnu99 -o conftest -O3 -fomit-frame-pointer -fstrict-aliasing  -Wl,--start-group -Wl,--end-group  conftest.c  >&5
configure:7966: $? = 0
configure:7974: result: yes
configure:8001: checking for gzip
configure:8019: found /bin/gzip
configure:8032: result: /bin/gzip
configure:8062: checking for grep that handles long lines and -e
configure:8122: result: /bin/grep
configure:8127: checking for egrep
configure:8191: result: /bin/grep -E
configure:8196: checking for ANSI C header files
configure:8226: gcc -std=gnu99 -c -O3 -fomit-frame-pointer -fstrict-aliasing  conftest.c >&5
configure:8233: $? = 0
configure:8332: gcc -std=gnu99 -o conftest -O3 -fomit-frame-pointer -fstrict-aliasing   conftest.c  >&5
configure:8336: $? = 0
configure:8342: ./conftest
configure:8346: $? = 0
configure:8364: result: yes
configure:8388: checking for sys/types.h
configure:8409: gcc -std=gnu99 -c -O3 -fomit-frame-pointer -fstrict-aliasing  conftest.c >&5
configure:8416: $? = 0
configure:8433: result: yes
configure:8388: checking for sys/stat.h
configure:8409: gcc -std=gnu99 -c -O3 -fomit-frame-pointer -fstrict-aliasing  conftest.c >&5
configure:8416: $? = 0
configure:8433: result: yes
configure:8388: checking for stdlib.h
configure:8409: gcc -std=gnu99 -c -O3 -fomit-frame-pointer -fstrict-aliasing  conftest.c >&5
configure:8416: $? = 0
configure:8433: result: yes
configure:8388: checking for string.h
configure:8409: gcc -std=gnu99 -c -O3 -fomit-frame-pointer -fstrict-aliasing  conftest.c >&5
configure:8416: $? = 0
configure:8433: result: yes
configure:8388: checking for memory.h
configure:8409: gcc -std=gnu99 -c -O3 -fomit-frame-pointer -fstrict-aliasing  conftest.c >&5
configure:8416: $? = 0
configure:8433: result: yes
configure:8388: checking for strings.h
configure:8409: gcc -std=gnu99 -c -O3 -fomit-frame-pointer -fstrict-aliasing  conftest.c >&5
configure:8416: $? = 0
configure:8433: result: yes
configure:8388: checking for inttypes.h
configure:8409: gcc -std=gnu99 -c -O3 -fomit-frame-pointer -fstrict-aliasing  conftest.c >&5
configure:8416: $? = 0
configure:8433: result: yes
configure:8388: checking for stdint.h
configure:8409: gcc -std=gnu99 -c -O3 -fomit-frame-pointer -fstrict-aliasing  conftest.c >&5
configure:8416: $? = 0
configure:8433: result: yes
configure:8388: checking for unistd.h
configure:8409: gcc -std=gnu99 -c -O3 -fomit-frame-pointer -fstrict-aliasing  conftest.c >&5
configure:8416: $? = 0
configure:8433: result: yes
configure:8475: checking endian.h usability
configure:8492: gcc -std=gnu99 -c -O3 -fomit-frame-pointer -fstrict-aliasing  conftest.c >&5
configure:8499: $? = 0
configure:8513: result: yes
configure:8517: checking endian.h presence
configure:8532: gcc -E  conftest.c
configure:8539: $? = 0
configure:8553: result: yes
configure:8586: checking for endian.h
configure:8595: result: yes
configure:8464: checking for inttypes.h
configure:8471: result: yes
configure:8464: checking for stdint.h
configure:8471: result: yes
configure:8464: checking for unistd.h
configure:8471: result: yes
configure:8464: checking for sys/types.h
configure:8471: result: yes
configure:8475: checking netinet/in.h usability
configure:8492: gcc -std=gnu99 -c -O3 -fomit-frame-pointer -fstrict-aliasing  conftest.c >&5
configure:8499: $? = 0
configure:8513: result: yes
configure:8517: checking netinet/in.h presence
configure:8532: gcc -E  conftest.c
configure:8539: $? = 0
configure:8553: result: yes
configure:8586: checking for netinet/in.h
configure:8595: result: yes
configure:8630: checking sys/param.h usability
configure:8647: gcc -std=gnu99 -c -O3 -fomit-frame-pointer -fstrict-aliasing  conftest.c >&5
configure:8654: $? = 0
configure:8668: result: yes
configure:8672: checking sys/param.h presence
configure:8687: gcc -E  conftest.c
configure:8694: $? = 0
configure:8708: result: yes
configure:8741: checking for sys/param.h
configure:8750: result: yes
configure:8769: checking for sys/sysctl.h
configure:8793: gcc -std=gnu99 -c -O3 -fomit-frame-pointer -fstrict-aliasing  conftest.c >&5
configure:8800: $? = 0
configure:8817: result: yes
configure:8861: checking emmintrin.h usability
configure:8878: gcc -std=gnu99 -c -O3 -fomit-frame-pointer -fstrict-aliasing  conftest.c >&5
configure:8885: $? = 0
configure:8899: result: yes
configure:8903: checking emmintrin.h presence
configure:8918: gcc -E  conftest.c
configure:8925: $? = 0
configure:8939: result: yes
configure:8972: checking for emmintrin.h
configure:8981: result: yes
configure:8861: checking pmmintrin.h usability
configure:8878: gcc -std=gnu99 -c -O3 -fomit-frame-pointer -fstrict-aliasing  conftest.c >&5
In file included from conftest.c:83:0:
/usr/lib/gcc/x86_64-linux-gnu/4.8/include/pmmintrin.h:31:3: error: #error "SSE3 instruction set not enabled"
 # error "SSE3 instruction set not enabled"
   ^
configure:8885: $? = 1
configure: failed program was:
| /* confdefs.h.  */
| #define PACKAGE_NAME "Infernal"
| #define PACKAGE_TARNAME "infernal"
| #define PACKAGE_VERSION "1.1.1"
| #define PACKAGE_STRING "Infernal 1.1.1"
| #define PACKAGE_BUGREPORT "nawrockie@janelia.hhmi.org"
| #define INFERNAL_DATE "July 2014"
| #define INFERNAL_COPYRIGHT "Copyright (C) 2014 Howard Hughes Medical Institute."
| #define INFERNAL_LICENSE "Freely distributed under the GNU General Public License (GPLv3)."
| #define INFERNAL_VERSION "1.1.1"
| #define INFERNAL_URL "http://infernal.janelia.org/"
| #define HMMER_DATE "July 2014"
| #define HMMER_COPYRIGHT "Copyright (C) 2014 Howard Hughes Medical Institute."
| #define HMMER_LICENSE "Freely distributed under the GNU General Public License (GPLv3)."
| #define HMMER_VERSION "i1.1.1"
| #define HMMER_URL "http://hmmer.org/"
| #define EASEL_DATE "July 2014"
| #define EASEL_COPYRIGHT "Copyright (C) 2014 HHMI Janelia Farm Research Campus"
| #define EASEL_LICENSE "Freely distributed under the Janelia Software License."
| #define EASEL_VERSION "i1.1.1"
| #define eslLIBRARY 1
| #define eslDEBUGLEVEL 0
| #define HMMER_THREADS 1
| #define HAVE_PTHREAD 1
| #define HAVE_SSE2_CAST 1
| #define HAVE_FLUSH_ZERO_MODE 1
| #define HAVE_SSE2 1
| #define p7_IMPL_SSE 1
| #define HAVE_GZIP 1
| #define STDC_HEADERS 1
| #define HAVE_SYS_TYPES_H 1
| #define HAVE_SYS_STAT_H 1
| #define HAVE_STDLIB_H 1
| #define HAVE_STRING_H 1
| #define HAVE_MEMORY_H 1
| #define HAVE_STRINGS_H 1
| #define HAVE_INTTYPES_H 1
| #define HAVE_STDINT_H 1
| #define HAVE_UNISTD_H 1
| #define HAVE_ENDIAN_H 1
| #define HAVE_INTTYPES_H 1
| #define HAVE_STDINT_H 1
| #define HAVE_UNISTD_H 1
| #define HAVE_SYS_TYPES_H 1
| #define HAVE_NETINET_IN_H 1
| #define HAVE_SYS_PARAM_H 1
| #define HAVE_SYS_SYSCTL_H 1
| #define HAVE_EMMINTRIN_H 1
| /* end confdefs.h.  */
| #include <stdio.h>
| #ifdef HAVE_SYS_TYPES_H
| # include <sys/types.h>
| #endif
| #ifdef HAVE_SYS_STAT_H
| # include <sys/stat.h>
| #endif
| #ifdef STDC_HEADERS
| # include <stdlib.h>
| # include <stddef.h>
| #else
| # ifdef HAVE_STDLIB_H
| #  include <stdlib.h>
| # endif
| #endif
| #ifdef HAVE_STRING_H
| # if !defined STDC_HEADERS && defined HAVE_MEMORY_H
| #  include <memory.h>
| # endif
| # include <string.h>
| #endif
| #ifdef HAVE_STRINGS_H
| # include <strings.h>
| #endif
| #ifdef HAVE_INTTYPES_H
| # include <inttypes.h>
| #endif
| #ifdef HAVE_STDINT_H
| # include <stdint.h>
| #endif
| #ifdef HAVE_UNISTD_H
| # include <unistd.h>
| #endif
| #include <pmmintrin.h>
configure:8899: result: no
configure:8903: checking pmmintrin.h presence
configure:8918: gcc -E  conftest.c
In file included from conftest.c:50:0:
/usr/lib/gcc/x86_64-linux-gnu/4.8/include/pmmintrin.h:31:3: error: #error "SSE3 instruction set not enabled"
 # error "SSE3 instruction set not enabled"
   ^
configure:8925: $? = 1
configure: failed program was:
| /* confdefs.h.  */
| #define PACKAGE_NAME "Infernal"
| #define PACKAGE_TARNAME "infernal"
| #define PACKAGE_VERSION "1.1.1"
| #define PACKAGE_STRING "Infernal 1.1.1"
| #define PACKAGE_BUGREPORT "nawrockie@janelia.hhmi.org"
| #define INFERNAL_DATE "July 2014"
| #define INFERNAL_COPYRIGHT "Copyright (C) 2014 Howard Hughes Medical Institute."
| #define INFERNAL_LICENSE "Freely distributed under the GNU General Public License (GPLv3)."
| #define INFERNAL_VERSION "1.1.1"
| #define INFERNAL_URL "http://infernal.janelia.org/"
| #define HMMER_DATE "July 2014"
| #define HMMER_COPYRIGHT "Copyright (C) 2014 Howard Hughes Medical Institute."
| #define HMMER_LICENSE "Freely distributed under the GNU General Public License (GPLv3)."
| #define HMMER_VERSION "i1.1.1"
| #define HMMER_URL "http://hmmer.org/"
| #define EASEL_DATE "July 2014"
| #define EASEL_COPYRIGHT "Copyright (C) 2014 HHMI Janelia Farm Research Campus"
| #define EASEL_LICENSE "Freely distributed under the Janelia Software License."
| #define EASEL_VERSION "i1.1.1"
| #define eslLIBRARY 1
| #define eslDEBUGLEVEL 0
| #define HMMER_THREADS 1
| #define HAVE_PTHREAD 1
| #define HAVE_SSE2_CAST 1
| #define HAVE_FLUSH_ZERO_MODE 1
| #define HAVE_SSE2 1
| #define p7_IMPL_SSE 1
| #define HAVE_GZIP 1
| #define STDC_HEADERS 1
| #define HAVE_SYS_TYPES_H 1
| #define HAVE_SYS_STAT_H 1
| #define HAVE_STDLIB_H 1
| #define HAVE_STRING_H 1
| #define HAVE_MEMORY_H 1
| #define HAVE_STRINGS_H 1
| #define HAVE_INTTYPES_H 1
| #define HAVE_STDINT_H 1
| #define HAVE_UNISTD_H 1
| #define HAVE_ENDIAN_H 1
| #define HAVE_INTTYPES_H 1
| #define HAVE_STDINT_H 1
| #define HAVE_UNISTD_H 1
| #define HAVE_SYS_TYPES_H 1
| #define HAVE_NETINET_IN_H 1
| #define HAVE_SYS_PARAM_H 1
| #define HAVE_SYS_SYSCTL_H 1
| #define HAVE_EMMINTRIN_H 1
| /* end confdefs.h.  */
| #include <pmmintrin.h>
configure:8939: result: no
configure:8972: checking for pmmintrin.h
configure:8981: result: no
configure:8861: checking xmmintrin.h usability
configure:8878: gcc -std=gnu99 -c -O3 -fomit-frame-pointer -fstrict-aliasing  conftest.c >&5
configure:8885: $? = 0
configure:8899: result: yes
configure:8903: checking xmmintrin.h presence
configure:8918: gcc -E  conftest.c
configure:8925: $? = 0
configure:8939: result: yes
configure:8972: checking for xmmintrin.h
configure:8981: result: yes
configure:9162: checking whether byte ordering is bigendian
configure:9187: gcc -std=gnu99 -c -O3 -fomit-frame-pointer -fstrict-aliasing  conftest.c >&5
conftest.c:52:9: error: unknown type name 'not'
         not a universal capable compiler
         ^
conftest.c:52:15: error: expected '=', ',', ';', 'asm' or '__attribute__' before 'universal'
         not a universal capable compiler
               ^
conftest.c:52:15: error: unknown type name 'universal'
configure:9194: $? = 1
configure: failed program was:
| /* confdefs.h.  */
| #define PACKAGE_NAME "Infernal"
| #define PACKAGE_TARNAME "infernal"
| #define PACKAGE_VERSION "1.1.1"
| #define PACKAGE_STRING "Infernal 1.1.1"
| #define PACKAGE_BUGREPORT "nawrockie@janelia.hhmi.org"
| #define INFERNAL_DATE "July 2014"
| #define INFERNAL_COPYRIGHT "Copyright (C) 2014 Howard Hughes Medical Institute."
| #define INFERNAL_LICENSE "Freely distributed under the GNU General Public License (GPLv3)."
| #define INFERNAL_VERSION "1.1.1"
| #define INFERNAL_URL "http://infernal.janelia.org/"
| #define HMMER_DATE "July 2014"
| #define HMMER_COPYRIGHT "Copyright (C) 2014 Howard Hughes Medical Institute."
| #define HMMER_LICENSE "Freely distributed under the GNU General Public License (GPLv3)."
| #define HMMER_VERSION "i1.1.1"
| #define HMMER_URL "http://hmmer.org/"
| #define EASEL_DATE "July 2014"
| #define EASEL_COPYRIGHT "Copyright (C) 2014 HHMI Janelia Farm Research Campus"
| #define EASEL_LICENSE "Freely distributed under the Janelia Software License."
| #define EASEL_VERSION "i1.1.1"
| #define eslLIBRARY 1
| #define eslDEBUGLEVEL 0
| #define HMMER_THREADS 1
| #define HAVE_PTHREAD 1
| #define HAVE_SSE2_CAST 1
| #define HAVE_FLUSH_ZERO_MODE 1
| #define HAVE_SSE2 1
| #define p7_IMPL_SSE 1
| #define HAVE_GZIP 1
| #define STDC_HEADERS 1
| #define HAVE_SYS_TYPES_H 1
| #define HAVE_SYS_STAT_H 1
| #define HAVE_STDLIB_H 1
| #define HAVE_STRING_H 1
| #define HAVE_MEMORY_H 1
| #define HAVE_STRINGS_H 1
| #define HAVE_INTTYPES_H 1
| #define HAVE_STDINT_H 1
| #define HAVE_UNISTD_H 1
| #define HAVE_ENDIAN_H 1
| #define HAVE_INTTYPES_H 1
| #define HAVE_STDINT_H 1
| #define HAVE_UNISTD_H 1
| #define HAVE_SYS_TYPES_H 1
| #define HAVE_NETINET_IN_H 1
| #define HAVE_SYS_PARAM_H 1
| #define HAVE_SYS_SYSCTL_H 1
| #define HAVE_EMMINTRIN_H 1
| #define HAVE_XMMINTRIN_H 1
| /* end confdefs.h.  */
| #ifndef __APPLE_CC__
| 	       not a universal capable compiler
| 	     #endif
| 	     typedef int dummy;
| 
configure:9244: gcc -std=gnu99 -c -O3 -fomit-frame-pointer -fstrict-aliasing  conftest.c >&5
configure:9251: $? = 0
configure:9283: gcc -std=gnu99 -c -O3 -fomit-frame-pointer -fstrict-aliasing  conftest.c >&5
conftest.c: In function 'main':
conftest.c:58:4: error: unknown type name 'not'
    not big endian
    ^
conftest.c:58:12: error: expected '=', ',', ';', 'asm' or '__attribute__' before 'endian'
    not big endian
            ^
configure:9290: $? = 1
configure: failed program was:
| /* confdefs.h.  */
| #define PACKAGE_NAME "Infernal"
| #define PACKAGE_TARNAME "infernal"
| #define PACKAGE_VERSION "1.1.1"
| #define PACKAGE_STRING "Infernal 1.1.1"
| #define PACKAGE_BUGREPORT "nawrockie@janelia.hhmi.org"
| #define INFERNAL_DATE "July 2014"
| #define INFERNAL_COPYRIGHT "Copyright (C) 2014 Howard Hughes Medical Institute."
| #define INFERNAL_LICENSE "Freely distributed under the GNU General Public License (GPLv3)."
| #define INFERNAL_VERSION "1.1.1"
| #define INFERNAL_URL "http://infernal.janelia.org/"
| #define HMMER_DATE "July 2014"
| #define HMMER_COPYRIGHT "Copyright (C) 2014 Howard Hughes Medical Institute."
| #define HMMER_LICENSE "Freely distributed under the GNU General Public License (GPLv3)."
| #define HMMER_VERSION "i1.1.1"
| #define HMMER_URL "http://hmmer.org/"
| #define EASEL_DATE "July 2014"
| #define EASEL_COPYRIGHT "Copyright (C) 2014 HHMI Janelia Farm Research Campus"
| #define EASEL_LICENSE "Freely distributed under the Janelia Software License."
| #define EASEL_VERSION "i1.1.1"
| #define eslLIBRARY 1
| #define eslDEBUGLEVEL 0
| #define HMMER_THREADS 1
| #define HAVE_PTHREAD 1
| #define HAVE_SSE2_CAST 1
| #define HAVE_FLUSH_ZERO_MODE 1
| #define HAVE_SSE2 1
| #define p7_IMPL_SSE 1
| #define HAVE_GZIP 1
| #define STDC_HEADERS 1
| #define HAVE_SYS_TYPES_H 1
| #define HAVE_SYS_STAT_H 1
| #define HAVE_STDLIB_H 1
| #define HAVE_STRING_H 1
| #define HAVE_MEMORY_H 1
| #define HAVE_STRINGS_H 1
| #define HAVE_INTTYPES_H 1
| #define HAVE_STDINT_H 1
| #define HAVE_UNISTD_H 1
| #define HAVE_ENDIAN_H 1
| #define HAVE_INTTYPES_H 1
| #define HAVE_STDINT_H 1
| #define HAVE_UNISTD_H 1
| #define HAVE_SYS_TYPES_H 1
| #define HAVE_NETINET_IN_H 1
| #define HAVE_SYS_PARAM_H 1
| #define HAVE_SYS_SYSCTL_H 1
| #define HAVE_EMMINTRIN_H 1
| #define HAVE_XMMINTRIN_H 1
| /* end confdefs.h.  */
| #include <sys/types.h>
| 		#include <sys/param.h>
| 
| int
| main ()
| {
| #if BYTE_ORDER != BIG_ENDIAN
| 		 not big endian
| 		#endif
| 
|   ;
|   return 0;
| }
configure:9542: result: no
configure:9568: checking for uint8_t
configure:9599: gcc -std=gnu99 -c -O3 -fomit-frame-pointer -fstrict-aliasing  conftest.c >&5
configure:9606: $? = 0
configure:9627: result: yes
configure:9645: checking for uint16_t
configure:9676: gcc -std=gnu99 -c -O3 -fomit-frame-pointer -fstrict-aliasing  conftest.c >&5
configure:9683: $? = 0
configure:9704: result: yes
configure:9718: checking for uint32_t
configure:9749: gcc -std=gnu99 -c -O3 -fomit-frame-pointer -fstrict-aliasing  conftest.c >&5
configure:9756: $? = 0
configure:9777: result: yes
configure:9795: checking for uint64_t
configure:9826: gcc -std=gnu99 -c -O3 -fomit-frame-pointer -fstrict-aliasing  conftest.c >&5
configure:9833: $? = 0
configure:9854: result: yes
configure:9871: checking for off_t
configure:9899: gcc -std=gnu99 -c -O3 -fomit-frame-pointer -fstrict-aliasing  conftest.c >&5
configure:9906: $? = 0
configure:9933: gcc -std=gnu99 -c -O3 -fomit-frame-pointer -fstrict-aliasing  conftest.c >&5
conftest.c: In function 'main':
conftest.c:87:20: error: expected expression before ')' token
 if (sizeof ((off_t)))
                    ^
configure:9940: $? = 1
configure: failed program was:
| /* confdefs.h.  */
| #define PACKAGE_NAME "Infernal"
| #define PACKAGE_TARNAME "infernal"
| #define PACKAGE_VERSION "1.1.1"
| #define PACKAGE_STRING "Infernal 1.1.1"
| #define PACKAGE_BUGREPORT "nawrockie@janelia.hhmi.org"
| #define INFERNAL_DATE "July 2014"
| #define INFERNAL_COPYRIGHT "Copyright (C) 2014 Howard Hughes Medical Institute."
| #define INFERNAL_LICENSE "Freely distributed under the GNU General Public License (GPLv3)."
| #define INFERNAL_VERSION "1.1.1"
| #define INFERNAL_URL "http://infernal.janelia.org/"
| #define HMMER_DATE "July 2014"
| #define HMMER_COPYRIGHT "Copyright (C) 2014 Howard Hughes Medical Institute."
| #define HMMER_LICENSE "Freely distributed under the GNU General Public License (GPLv3)."
| #define HMMER_VERSION "i1.1.1"
| #define HMMER_URL "http://hmmer.org/"
| #define EASEL_DATE "July 2014"
| #define EASEL_COPYRIGHT "Copyright (C) 2014 HHMI Janelia Farm Research Campus"
| #define EASEL_LICENSE "Freely distributed under the Janelia Software License."
| #define EASEL_VERSION "i1.1.1"
| #define eslLIBRARY 1
| #define eslDEBUGLEVEL 0
| #define HMMER_THREADS 1
| #define HAVE_PTHREAD 1
| #define HAVE_SSE2_CAST 1
| #define HAVE_FLUSH_ZERO_MODE 1
| #define HAVE_SSE2 1
| #define p7_IMPL_SSE 1
| #define HAVE_GZIP 1
| #define STDC_HEADERS 1
| #define HAVE_SYS_TYPES_H 1
| #define HAVE_SYS_STAT_H 1
| #define HAVE_STDLIB_H 1
| #define HAVE_STRING_H 1
| #define HAVE_MEMORY_H 1
| #define HAVE_STRINGS_H 1
| #define HAVE_INTTYPES_H 1
| #define HAVE_STDINT_H 1
| #define HAVE_UNISTD_H 1
| #define HAVE_ENDIAN_H 1
| #define HAVE_INTTYPES_H 1
| #define HAVE_STDINT_H 1
| #define HAVE_UNISTD_H 1
| #define HAVE_SYS_TYPES_H 1
| #define HAVE_NETINET_IN_H 1
| #define HAVE_SYS_PARAM_H 1
| #define HAVE_SYS_SYSCTL_H 1
| #define HAVE_EMMINTRIN_H 1
| #define HAVE_XMMINTRIN_H 1
| /* end confdefs.h.  */
| #include <stdio.h>
| #ifdef HAVE_SYS_TYPES_H
| # include <sys/types.h>
| #endif
| #ifdef HAVE_SYS_STAT_H
| # include <sys/stat.h>
| #endif
| #ifdef STDC_HEADERS
| # include <stdlib.h>
| # include <stddef.h>
| #else
| # ifdef HAVE_STDLIB_H
| #  include <stdlib.h>
| # endif
| #endif
| #ifdef HAVE_STRING_H
| # if !defined STDC_HEADERS && defined HAVE_MEMORY_H
| #  include <memory.h>
| # endif
| # include <string.h>
| #endif
| #ifdef HAVE_STRINGS_H
| # include <strings.h>
| #endif
| #ifdef HAVE_INTTYPES_H
| # include <inttypes.h>
| #endif
| #ifdef HAVE_STDINT_H
| # include <stdint.h>
| #endif
| #ifdef HAVE_UNISTD_H
| # include <unistd.h>
| #endif
| int
| main ()
| {
| if (sizeof ((off_t)))
| 	  return 0;
|   ;
|   return 0;
| }
configure:9963: result: yes
configure:9982: checking for mkstemp
configure:10038: gcc -std=gnu99 -o conftest -O3 -fomit-frame-pointer -fstrict-aliasing   conftest.c  >&5
configure:10045: $? = 0
configure:10067: result: yes
configure:10083: checking for popen
configure:10139: gcc -std=gnu99 -o conftest -O3 -fomit-frame-pointer -fstrict-aliasing   conftest.c  >&5
configure:10146: $? = 0
configure:10168: result: yes
configure:10184: checking for strcasecmp
configure:10240: gcc -std=gnu99 -o conftest -O3 -fomit-frame-pointer -fstrict-aliasing   conftest.c  >&5
conftest.c:76:6: warning: conflicting types for built-in function 'strcasecmp' [enabled by default]
 char strcasecmp ();
      ^
configure:10247: $? = 0
configure:10269: result: yes
configure:10285: checking for times
configure:10341: gcc -std=gnu99 -o conftest -O3 -fomit-frame-pointer -fstrict-aliasing   conftest.c  >&5
configure:10348: $? = 0
configure:10370: result: yes
configure:10386: checking for getpid
configure:10442: gcc -std=gnu99 -o conftest -O3 -fomit-frame-pointer -fstrict-aliasing   conftest.c  >&5
configure:10449: $? = 0
configure:10471: result: yes
configure:10487: checking for sysctl
configure:10543: gcc -std=gnu99 -o conftest -O3 -fomit-frame-pointer -fstrict-aliasing   conftest.c  >&5
configure:10550: $? = 0
configure:10572: result: yes
configure:10588: checking for sysconf
configure:10644: gcc -std=gnu99 -o conftest -O3 -fomit-frame-pointer -fstrict-aliasing   conftest.c  >&5
configure:10651: $? = 0
configure:10673: result: yes
configure:10689: checking for getcwd
configure:10745: gcc -std=gnu99 -o conftest -O3 -fomit-frame-pointer -fstrict-aliasing   conftest.c  >&5
configure:10752: $? = 0
configure:10774: result: yes
configure:10790: checking for stat
configure:10846: gcc -std=gnu99 -o conftest -O3 -fomit-frame-pointer -fstrict-aliasing   conftest.c  >&5
configure:10853: $? = 0
configure:10875: result: yes
configure:10891: checking for fstat
configure:10947: gcc -std=gnu99 -o conftest -O3 -fomit-frame-pointer -fstrict-aliasing   conftest.c  >&5
configure:10954: $? = 0
configure:10976: result: yes
configure:10993: checking for ntohs
configure:11049: gcc -std=gnu99 -o conftest -O3 -fomit-frame-pointer -fstrict-aliasing   conftest.c  >&5
configure:11056: $? = 0
configure:11078: result: yes
configure:11170: checking for ntohl
configure:11226: gcc -std=gnu99 -o conftest -O3 -fomit-frame-pointer -fstrict-aliasing   conftest.c  >&5
configure:11233: $? = 0
configure:11255: result: yes
configure:11347: checking for htons
configure:11403: gcc -std=gnu99 -o conftest -O3 -fomit-frame-pointer -fstrict-aliasing   conftest.c  >&5
configure:11410: $? = 0
configure:11432: result: yes
configure:11524: checking for htonl
configure:11580: gcc -std=gnu99 -o conftest -O3 -fomit-frame-pointer -fstrict-aliasing   conftest.c  >&5
configure:11587: $? = 0
configure:11609: result: yes
configure:11697: checking for _LARGEFILE_SOURCE value needed for large files
configure:11726: gcc -std=gnu99 -o conftest -O3 -fomit-frame-pointer -fstrict-aliasing   conftest.c  >&5
configure:11733: $? = 0
configure:11806: result: no
configure:11840: checking for special C compiler options needed for large files
configure:11935: result: no
configure:11941: checking for _FILE_OFFSET_BITS value needed for large files
configure:11976: gcc -std=gnu99 -c -O3 -fomit-frame-pointer -fstrict-aliasing  conftest.c >&5
configure:11983: $? = 0
configure:12052: result: no
configure:12375: creating ./config.status

## ---------------------- ##
## Running config.status. ##
## ---------------------- ##

This file was extended by Infernal config.status 1.1.1, which was
generated by GNU Autoconf 2.63.  Invocation command line was

  CONFIG_FILES    = 
  CONFIG_HEADERS  = 
  CONFIG_LINKS    = 
  CONFIG_COMMANDS = 
  $ ./config.status 

on CDtecOne

config.status:852: creating src/Makefile
config.status:852: creating src/impl_sse/Makefile
config.status:852: creating testsuite/Makefile
config.status:852: creating rmark/Makefile
config.status:852: creating documentation/Makefile
config.status:852: creating documentation/manpages/Makefile
config.status:852: creating documentation/userguide/Makefile
config.status:852: creating hmmer/documentation/Makefile
config.status:852: creating hmmer/documentation/man/Makefile
config.status:852: creating hmmer/documentation/userguide/Makefile
config.status:852: creating hmmer/src/Makefile
config.status:852: creating hmmer/testsuite/Makefile
config.status:852: creating hmmer/profmark/Makefile
config.status:852: creating hmmer/src/impl_sse/Makefile
config.status:852: creating hmmer/libdivsufsort/Makefile
config.status:852: creating hmmer/Makefile
config.status:852: creating easel/miniapps/Makefile
config.status:852: creating easel/testsuite/Makefile
config.status:852: creating easel/Makefile
config.status:852: creating easel/documentation/Makefile
config.status:852: creating Makefile
config.status:852: creating src/config.h
config.status:852: creating hmmer/src/p7_config.h
config.status:852: creating hmmer/libdivsufsort/divsufsort.h
config.status:852: creating easel/esl_config.h
config.status:1098: linking hmmer/src/impl_sse to hmmer/src/impl

## ---------------- ##
## Cache variables. ##
## ---------------- ##

ac_cv_build=x86_64-unknown-linux-gnu
ac_cv_c_bigendian=no
ac_cv_c_compiler_gnu=yes
ac_cv_c_uint16_t=yes
ac_cv_c_uint32_t=yes
ac_cv_c_uint64_t=yes
ac_cv_c_uint8_t=yes
ac_cv_env_CC_set=
ac_cv_env_CC_value=
ac_cv_env_CFLAGS_set=
ac_cv_env_CFLAGS_value=
ac_cv_env_CPPFLAGS_set=
ac_cv_env_CPPFLAGS_value=
ac_cv_env_CPP_set=
ac_cv_env_CPP_value=
ac_cv_env_LDFLAGS_set=
ac_cv_env_LDFLAGS_value=
ac_cv_env_LIBS_set=
ac_cv_env_LIBS_value=
ac_cv_env_MPICC_set=
ac_cv_env_MPICC_value=
ac_cv_env_PIC_FLAGS_set=
ac_cv_env_PIC_FLAGS_value=
ac_cv_env_build_alias_set=
ac_cv_env_build_alias_value=
ac_cv_env_host_alias_set=
ac_cv_env_host_alias_value=
ac_cv_env_target_alias_set=
ac_cv_env_target_alias_value=
ac_cv_func_fstat=yes
ac_cv_func_getcwd=yes
ac_cv_func_getpid=yes
ac_cv_func_htonl=yes
ac_cv_func_htons=yes
ac_cv_func_mkstemp=yes
ac_cv_func_ntohl=yes
ac_cv_func_ntohs=yes
ac_cv_func_popen=yes
ac_cv_func_stat=yes
ac_cv_func_strcasecmp=yes
ac_cv_func_sysconf=yes
ac_cv_func_sysctl=yes
ac_cv_func_times=yes
ac_cv_header_emmintrin_h=yes
ac_cv_header_endian_h=yes
ac_cv_header_inttypes_h=yes
ac_cv_header_memory_h=yes
ac_cv_header_netinet_in_h=yes
ac_cv_header_pmmintrin_h=no
ac_cv_header_stdc=yes
ac_cv_header_stdint_h=yes
ac_cv_header_stdlib_h=yes
ac_cv_header_string_h=yes
ac_cv_header_strings_h=yes
ac_cv_header_sys_param_h=yes
ac_cv_header_sys_stat_h=yes
ac_cv_header_sys_sysctl_h=yes
ac_cv_header_sys_types_h=yes
ac_cv_header_unistd_h=yes
ac_cv_header_xmmintrin_h=yes
ac_cv_host=x86_64-unknown-linux-gnu
ac_cv_objext=o
ac_cv_path_AR=/usr/bin/ar
ac_cv_path_EGREP='/bin/grep -E'
ac_cv_path_GREP=/bin/grep
ac_cv_path_HAVE_GZIP=/bin/gzip
ac_cv_path_install='/usr/bin/install -c'
ac_cv_prog_CPP='gcc -E'
ac_cv_prog_PTHREAD_CC=gcc
ac_cv_prog_ac_ct_CC=gcc
ac_cv_prog_ac_ct_RANLIB=ranlib
ac_cv_prog_cc_c89=
ac_cv_prog_cc_c99=-std=gnu99
ac_cv_prog_cc_g=yes
ac_cv_prog_cc_stdc=-std=gnu99
ac_cv_sys_file_offset_bits=no
ac_cv_sys_largefile_CC=no
ac_cv_sys_largefile_source=no
ac_cv_type_off_t=yes
ax_cv_c_compiler_vendor=gnu
ax_cv_c_flags__O3__fomit_frame_pointer__fstrict_aliasing=yes
ax_cv_c_flags__fstrict_aliasing=yes
ax_cv_c_flags__march_pentium3=no
ax_cv_c_flags__march_pentiumpro=no
ax_cv_c_flags__mcpu_pentium3=no
ax_cv_c_flags__mcpu_pentiumpro=no
ax_cv_c_flags__mpentium3=no
ax_cv_c_flags__mpentiumpro=no
ax_cv_c_flags__msse2=yes
ax_cv_c_flags__msse2__msse3=yes
ax_cv_gcc_archflag=unknown
ax_cv_gcc_x86_cpuid_0=a:756e6547:6c65746e:49656e69
ax_cv_gcc_x86_cpuid_1=10676:7040800:ce3bd:bfebfbff

## ----------------- ##
## Output variables. ##
## ----------------- ##

AR='/usr/bin/ar'
CC='gcc -std=gnu99'
CFLAGS='-O3 -fomit-frame-pointer -fstrict-aliasing'
CPP='gcc -E'
CPPFLAGS=''
DEFS='-DHAVE_CONFIG_H'
EASEL_COPYRIGHT='Copyright (C) 2014 HHMI Janelia Farm Research Campus'
EASEL_DATE='July 2014'
EASEL_LICENSE='Freely distributed under the Janelia Software License.'
EASEL_URL='http://bioeasel.org/'
EASEL_VERSION='i1.1.1'
ECHO_C=''
ECHO_N='-n'
ECHO_T=''
EGREP='/bin/grep -E'
EXEC_DEPENDENCY='%: %.o'
EXEEXT=''
GREP='/bin/grep'
GROUPHMMERLIBS='-Wl,--start-group -lhmmer -lhmmerimpl -Wl,--end-group'
HAVE_GZIP='/bin/gzip'
HMMERIMPLLIB='impl_sse/libhmmerimpl.a'
HMMER_COPYRIGHT='Copyright (C) 2014 Howard Hughes Medical Institute.'
HMMER_DATE='July 2014'
HMMER_ESLDIR='../easel'
HMMER_LICENSE='Freely distributed under the GNU General Public License (GPLv3).'
HMMER_SADIR='libdivsufsort'
HMMER_URL='http://hmmer.org/'
HMMER_VERSION='i1.1.1'
IMPL_CHOICE='sse'
INFERNAL_COPYRIGHT='Copyright (C) 2014 Howard Hughes Medical Institute.'
INFERNAL_DATE='July 2014'
INFERNAL_ESLDIR='easel'
INFERNAL_HMMERDIR='hmmer'
INFERNAL_IMPLDIR='impl_sse'
INFERNAL_LICENSE='Freely distributed under the GNU General Public License (GPLv3).'
INFERNAL_SADIR='hmmer/libdivsufsort'
INFERNAL_URL='http://infernal.janelia.org/'
INFERNAL_VERSION='1.1.1'
INSTALL_DATA='${INSTALL} -m 644'
INSTALL_PROGRAM='${INSTALL}'
INSTALL_SCRIPT='${INSTALL}'
LDFLAGS=''
LIBGSL=''
LIBOBJS=''
LIBS=''
LN_S='ln -s'
LTLIBOBJS=''
MPICC=''
MPILIBS=''
MPI_BENCHMARKS=''
MPI_UTESTS=''
OBJEXT='o'
PACKAGE_BUGREPORT='nawrockie@janelia.hhmi.org'
PACKAGE_NAME='Infernal'
PACKAGE_STRING='Infernal 1.1.1'
PACKAGE_TARNAME='infernal'
PACKAGE_VERSION='1.1.1'
PATH_SEPARATOR=':'
PIC_FLAGS='-fPIC'
PRTDIAG=''
PTHREAD_CC='gcc'
PTHREAD_CFLAGS='-pthread'
PTHREAD_LIBS=''
RANLIB='ranlib'
SHELL='/bin/bash'
SIMD_CFLAGS='-msse2 -msse3'
ac_ct_CC='gcc'
acx_pthread_config=''
bindir='${exec_prefix}/bin'
build='x86_64-unknown-linux-gnu'
build_alias=''
build_cpu='x86_64'
build_os='linux-gnu'
build_vendor='unknown'
datadir='${datarootdir}'
datarootdir='${prefix}/share'
docdir='${datarootdir}/doc/${PACKAGE_TARNAME}'
dvidir='${docdir}'
exec_prefix='${prefix}'
host='x86_64-unknown-linux-gnu'
host_alias=''
host_cpu='x86_64'
host_os='linux-gnu'
host_vendor='unknown'
htmldir='${docdir}'
includedir='${prefix}/include'
infodir='${datarootdir}/info'
libdir='${exec_prefix}/lib'
libexecdir='${exec_prefix}/libexec'
localedir='${datarootdir}/locale'
localstatedir='${prefix}/var'
mandir='${datarootdir}/man'
oldincludedir='/usr/include'
pdfdir='${docdir}'
prefix='/usr/local'
program_transform_name='s,x,x,'
psdir='${docdir}'
sbindir='${exec_prefix}/sbin'
sharedstatedir='${prefix}/com'
sysconfdir='${prefix}/etc'
target_alias=''

## ----------- ##
## confdefs.h. ##
## ----------- ##

#define PACKAGE_NAME "Infernal"
#define PACKAGE_TARNAME "infernal"
#define PACKAGE_VERSION "1.1.1"
#define PACKAGE_STRING "Infernal 1.1.1"
#define PACKAGE_BUGREPORT "nawrockie@janelia.hhmi.org"
#define INFERNAL_DATE "July 2014"
#define INFERNAL_COPYRIGHT "Copyright (C) 2014 Howard Hughes Medical Institute."
#define INFERNAL_LICENSE "Freely distributed under the GNU General Public License (GPLv3)."
#define INFERNAL_VERSION "1.1.1"
#define INFERNAL_URL "http://infernal.janelia.org/"
#define HMMER_DATE "July 2014"
#define HMMER_COPYRIGHT "Copyright (C) 2014 Howard Hughes Medical Institute."
#define HMMER_LICENSE "Freely distributed under the GNU General Public License (GPLv3)."
#define HMMER_VERSION "i1.1.1"
#define HMMER_URL "http://hmmer.org/"
#define EASEL_DATE "July 2014"
#define EASEL_COPYRIGHT "Copyright (C) 2014 HHMI Janelia Farm Research Campus"
#define EASEL_LICENSE "Freely distributed under the Janelia Software License."
#define EASEL_VERSION "i1.1.1"
#define eslLIBRARY 1
#define eslDEBUGLEVEL 0
#define HMMER_THREADS 1
#define HAVE_PTHREAD 1
#define HAVE_SSE2_CAST 1
#define HAVE_FLUSH_ZERO_MODE 1
#define HAVE_SSE2 1
#define p7_IMPL_SSE 1
#define HAVE_GZIP 1
#define STDC_HEADERS 1
#define HAVE_SYS_TYPES_H 1
#define HAVE_SYS_STAT_H 1
#define HAVE_STDLIB_H 1
#define HAVE_STRING_H 1
#define HAVE_MEMORY_H 1
#define HAVE_STRINGS_H 1
#define HAVE_INTTYPES_H 1
#define HAVE_STDINT_H 1
#define HAVE_UNISTD_H 1
#define HAVE_ENDIAN_H 1
#define HAVE_INTTYPES_H 1
#define HAVE_STDINT_H 1
#define HAVE_UNISTD_H 1
#define HAVE_SYS_TYPES_H 1
#define HAVE_NETINET_IN_H 1
#define HAVE_SYS_PARAM_H 1
#define HAVE_SYS_SYSCTL_H 1
#define HAVE_EMMINTRIN_H 1
#define HAVE_XMMINTRIN_H 1
#define HAVE_MKSTEMP 1
#define HAVE_POPEN 1
#define HAVE_STRCASECMP 1
#define HAVE_TIMES 1
#define HAVE_GETPID 1
#define HAVE_SYSCTL 1
#define HAVE_SYSCONF 1
#define HAVE_GETCWD 1
#define HAVE_STAT 1
#define HAVE_FSTAT 1
#define HAVE_NTOHS 1
#define HAVE_NTOHL 1
#define HAVE_HTONS 1
#define HAVE_HTONL 1
#define HAVE_FSEEKO 1

configure: exit 0
